-------------------------------------------------------------------------------
Test set: com.api.automation.tests.ApiTest
-------------------------------------------------------------------------------
Tests run: 6, Failures: 1, Errors: 0, Skipped: 0, Time elapsed: 8.499 s <<< FAILURE! - in com.api.automation.tests.ApiTest
testDeleteUser  Time elapsed: 1.759 s  <<< FAILURE!
org.opentest4j.AssertionFailedError: Expected status code 204 for successful deletion ==> expected: <204> but was: <200>
	at com.api.automation.tests.ApiTest.testDeleteUser(ApiTest.java:53)

