<?xml version="1.0" encoding="UTF-8"?>
<testsuite xmlns:xsi="http://www.w3.org/2001/XMLSchema-instance" xsi:noNamespaceSchemaLocation="https://maven.apache.org/surefire/maven-surefire-plugin/xsd/surefire-test-report.xsd" name="com.api.automation.tests.ApiTest" time="8.499" tests="6" errors="0" skipped="0" failures="1">
  <properties>
[...]
</properties>
  <testcase name="testGetUsers" classname="com.api.automation.tests.ApiTest" time="2.809"/>
  <testcase name="testUpdateUser" classname="com.api.automation.tests.ApiTest" time="1.15"/>
  <testcase name="testPatchUser" classname="com.api.automation.tests.ApiTest" time="1.023"/>
  <testcase name="testHeadRequest" classname="com.api.automation.tests.ApiTest" time="0.818"/>
  <testcase name="testCreateUser" classname="com.api.automation.tests.ApiTest" time="0.921"/>
  <testcase name="testDeleteUser" classname="com.api.automation.tests.ApiTest" time="1.759">
    <failure message="Expected status code 204 for successful deletion ==&gt; expected: &lt;204&gt; but was: &lt;200&gt;" type="org.opentest4j.AssertionFailedError"><![CDATA[org.opentest4j.AssertionFailedError: Expected status code 204 for successful deletion ==> expected: <204> but was: <200>
	at com.api.automation.tests.ApiTest.testDeleteUser(ApiTest.java:53)
]]></failure>
  </testcase>
</testsuite>